615  [main] INFO  r.m.p.Practice21Application
                – Starting Practice21Application using Java 15 on DESKTOP-NNQLS8A with PID 5264 (D:\Temp\practice21\target\classes started by Oleg in D:\Temp\practice21)
625  [main] INFO  r.m.p.Practice21Application
                – No active profile set, falling back to default profiles: default
528  [main] INFO  r.m.p.Practice21Application
                – Starting Practice21Application using Java 15 on DESKTOP-NNQLS8A with PID 2736 (D:\Temp\practice21\target\classes started by Oleg in D:\Temp\practice21)
532  [main] INFO  r.m.p.Practice21Application
                – No active profile set, falling back to default profiles: default
1105 [main] INFO  o.s.d.r.c.RepositoryConfigurationDelegate
                – Bootstrapping Spring Data JPA repositories in DEFAULT mode.
1149 [main] INFO  o.s.d.r.c.RepositoryConfigurationDelegate
                – Finished Spring Data repository scanning in 38 ms. Found 2 JPA repository interfaces.
1553 [main] INFO  o.s.b.w.e.tomcat.TomcatWebServer
                – Tomcat initialized with port(s): 8080 (http)
1559 [main] INFO  o.a.coyote.http11.Http11NioProtocol
                – Initializing ProtocolHandler ["http-nio-8080"]
1559 [main] INFO  o.a.catalina.core.StandardService
                – Starting service [Tomcat]
1559 [main] INFO  o.a.catalina.core.StandardEngine
                – Starting Servlet engine: [Apache Tomcat/9.0.44]
1661 [main] INFO  o.a.c.c.C.[Tomcat].[localhost].[/]
                – Initializing Spring embedded WebApplicationContext
1661 [main] INFO  o.s.b.w.s.c.ServletWebServerApplicationContext
                – Root WebApplicationContext: initialization completed in 1075 ms
1789 [main] INFO  o.h.jpa.internal.util.LogHelper
                – HHH000204: Processing PersistenceUnitInfo [name: default]
1823 [main] INFO  org.hibernate.Version
                – HHH000412: Hibernate ORM core version 5.4.29.Final
1903 [main] INFO  o.h.annotations.common.Version
                – HCANN000001: Hibernate Commons Annotations {5.1.2.Final}
1967 [main] INFO  com.zaxxer.hikari.HikariDataSource
                – HikariPool-1 - Starting...
2844 [main] INFO  com.zaxxer.hikari.HikariDataSource
                – HikariPool-1 - Start completed.
2858 [main] INFO  org.hibernate.dialect.Dialect
                – HHH000400: Using dialect: org.hibernate.dialect.PostgreSQL10Dialect
4301 [main] INFO  o.h.e.t.j.p.i.JtaPlatformInitiator
                – HHH000490: Using JtaPlatform implementation: [org.hibernate.engine.transaction.jta.platform.internal.NoJtaPlatform]
4309 [main] INFO  o.s.o.j.LocalContainerEntityManagerFactoryBean
                – Initialized JPA EntityManagerFactory for persistence unit 'default'
4698 [main] INFO  o.s.s.c.ThreadPoolTaskExecutor
                – Initializing ExecutorService 'applicationTaskExecutor'
4832 [main] INFO  o.a.coyote.http11.Http11NioProtocol
                – Starting ProtocolHandler ["http-nio-8080"]
4852 [main] INFO  o.s.b.w.e.tomcat.TomcatWebServer
                – Tomcat started on port(s): 8080 (http) with context path ''
4861 [main] INFO  r.m.p.Practice21Application
                – Started Practice21Application in 4.619 seconds (JVM running for 5.339)
20224 [http-nio-8080-exec-1] INFO  o.a.c.c.C.[Tomcat].[localhost].[/]
                – Initializing Spring DispatcherServlet 'dispatcherServlet'
20224 [http-nio-8080-exec-1] INFO  o.s.web.servlet.DispatcherServlet
                – Initializing Servlet 'dispatcherServlet'
20225 [http-nio-8080-exec-1] INFO  o.s.web.servlet.DispatcherServlet
                – Completed initialization in 1 ms
20321 [http-nio-8080-exec-1] INFO  r.m.p.services.ProductService
                – Save product
20574 [http-nio-8080-exec-1] ERROR o.a.c.c.C.[.[.[.[dispatcherServlet]
                – Servlet.service() for servlet [dispatcherServlet] in context with path [] threw exception [Handler dispatch failed; nested exception is java.lang.StackOverflowError] with root cause
java.lang.StackOverflowError: null
	at ru.mirea.practice21.models.Market.toString(Market.java:13)
	at java.base/java.lang.StringConcatHelper.stringOf(StringConcatHelper.java:429)
	at ru.mirea.practice21.models.Product.toString(Product.java:12)
	at java.base/java.lang.String.valueOf(String.java:3367)
	at java.base/java.lang.StringBuilder.append(StringBuilder.java:167)
	at java.base/java.util.AbstractCollection.toString(AbstractCollection.java:457)
	at org.hibernate.collection.internal.PersistentSet.toString(PersistentSet.java:328)
	at java.base/java.lang.StringConcatHelper.stringOf(StringConcatHelper.java:429)
	at ru.mirea.practice21.models.Market.toString(Market.java:13)
	at java.base/java.lang.StringConcatHelper.stringOf(StringConcatHelper.java:429)
	at ru.mirea.practice21.models.Product.toString(Product.java:12)
	at java.base/java.lang.String.valueOf(String.java:3367)
	at java.base/java.lang.StringBuilder.append(StringBuilder.java:167)
	at java.base/java.util.AbstractCollection.toString(AbstractCollection.java:457)
	at org.hibernate.collection.internal.PersistentSet.toString(PersistentSet.java:328)
	at java.base/java.lang.StringConcatHelper.stringOf(StringConcatHelper.java:429)
	at ru.mirea.practice21.models.Market.toString(Market.java:13)
	at java.base/java.lang.StringConcatHelper.stringOf(StringConcatHelper.java:429)
	at ru.mirea.practice21.models.Product.toString(Product.java:12)
	at java.base/java.lang.String.valueOf(String.java:3367)
	at java.base/java.lang.StringBuilder.append(StringBuilder.java:167)
	at java.base/java.util.AbstractCollection.toString(AbstractCollection.java:457)
	at org.hibernate.collection.internal.PersistentSet.toString(PersistentSet.java:328)
	at java.base/java.lang.StringConcatHelper.stringOf(StringConcatHelper.java:429)
	at ru.mirea.practice21.models.Market.toString(Market.java:13)
	at java.base/java.lang.StringConcatHelper.stringOf(StringConcatHelper.java:429)
	at ru.mirea.practice21.models.Product.toString(Product.java:12)
	at java.base/java.lang.String.valueOf(String.java:3367)
	at java.base/java.lang.StringBuilder.append(StringBuilder.java:167)
	at java.base/java.util.AbstractCollection.toString(AbstractCollection.java:457)
	at org.hibernate.collection.internal.PersistentSet.toString(PersistentSet.java:328)
	at java.base/java.lang.StringConcatHelper.stringOf(StringConcatHelper.java:429)
	at ru.mirea.practice21.models.Market.toString(Market.java:13)
	at java.base/java.lang.StringConcatHelper.stringOf(StringConcatHelper.java:429)
	at ru.mirea.practice21.models.Product.toString(Product.java:12)
	at java.base/java.lang.String.valueOf(String.java:3367)
	at java.base/java.lang.StringBuilder.append(StringBuilder.java:167)
	at java.base/java.util.AbstractCollection.toString(AbstractCollection.java:457)
	at org.hibernate.collection.internal.PersistentSet.toString(PersistentSet.java:328)
	at java.base/java.lang.StringConcatHelper.stringOf(StringConcatHelper.java:429)
	at ru.mirea.practice21.models.Market.toString(Market.java:13)
	at java.base/java.lang.StringConcatHelper.stringOf(StringConcatHelper.java:429)
	at ru.mirea.practice21.models.Product.toString(Product.java:12)
	at java.base/java.lang.String.valueOf(String.java:3367)
	at java.base/java.lang.StringBuilder.append(StringBuilder.java:167)
	at java.base/java.util.AbstractCollection.toString(AbstractCollection.java:457)
	at org.hibernate.collection.internal.PersistentSet.toString(PersistentSet.java:328)
	at java.base/java.lang.StringConcatHelper.stringOf(StringConcatHelper.java:429)
	at ru.mirea.practice21.models.Market.toString(Market.java:13)
	at java.base/java.lang.StringConcatHelper.stringOf(StringConcatHelper.java:429)
	at ru.mirea.practice21.models.Product.toString(Product.java:12)
	at java.base/java.lang.String.valueOf(String.java:3367)
	at java.base/java.lang.StringBuilder.append(StringBuilder.java:167)
	at java.base/java.util.AbstractCollection.toString(AbstractCollection.java:457)
	at org.hibernate.collection.internal.PersistentSet.toString(PersistentSet.java:328)
	at java.base/java.lang.StringConcatHelper.stringOf(StringConcatHelper.java:429)
	at ru.mirea.practice21.models.Market.toString(Market.java:13)
	at java.base/java.lang.StringConcatHelper.stringOf(StringConcatHelper.java:429)
	at ru.mirea.practice21.models.Product.toString(Product.java:12)
	at java.base/java.lang.String.valueOf(String.java:3367)
	at java.base/java.lang.StringBuilder.append(StringBuilder.java:167)
	at java.base/java.util.AbstractCollection.toString(AbstractCollection.java:457)
	at org.hibernate.collection.internal.PersistentSet.toString(PersistentSet.java:328)
	at java.base/java.lang.StringConcatHelper.stringOf(StringConcatHelper.java:429)
	at ru.mirea.practice21.models.Market.toString(Market.java:13)
	at java.base/java.lang.StringConcatHelper.stringOf(StringConcatHelper.java:429)
	at ru.mirea.practice21.models.Product.toString(Product.java:12)
	at java.base/java.lang.String.valueOf(String.java:3367)
	at java.base/java.lang.StringBuilder.append(StringBuilder.java:167)
	at java.base/java.util.AbstractCollection.toString(AbstractCollection.java:457)
	at org.hibernate.collection.internal.PersistentSet.toString(PersistentSet.java:328)
	at java.base/java.lang.StringConcatHelper.stringOf(StringConcatHelper.java:429)
	at ru.mirea.practice21.models.Market.toString(Market.java:13)
	at java.base/java.lang.StringConcatHelper.stringOf(StringConcatHelper.java:429)
	at ru.mirea.practice21.models.Product.toString(Product.java:12)
	at java.base/java.lang.String.valueOf(String.java:3367)
	at java.base/java.lang.StringBuilder.append(StringBuilder.java:167)
	at java.base/java.util.AbstractCollection.toString(AbstractCollection.java:457)
	at org.hibernate.collection.internal.PersistentSet.toString(PersistentSet.java:328)
	at java.base/java.lang.StringConcatHelper.stringOf(StringConcatHelper.java:429)
	at ru.mirea.practice21.models.Market.toString(Market.java:13)
	at java.base/java.lang.StringConcatHelper.stringOf(StringConcatHelper.java:429)
	at ru.mirea.practice21.models.Product.toString(Product.java:12)
	at java.base/java.lang.String.valueOf(String.java:3367)
	at java.base/java.lang.StringBuilder.append(StringBuilder.java:167)
	at java.base/java.util.AbstractCollection.toString(AbstractCollection.java:457)
	at org.hibernate.collection.internal.PersistentSet.toString(PersistentSet.java:328)
	at java.base/java.lang.StringConcatHelper.stringOf(StringConcatHelper.java:429)
	at ru.mirea.practice21.models.Market.toString(Market.java:13)
	at java.base/java.lang.StringConcatHelper.stringOf(StringConcatHelper.java:429)
	at ru.mirea.practice21.models.Product.toString(Product.java:12)
	at java.base/java.lang.String.valueOf(String.java:3367)
	at java.base/java.lang.StringBuilder.append(StringBuilder.java:167)
	at java.base/java.util.AbstractCollection.toString(AbstractCollection.java:457)
	at org.hibernate.collection.internal.PersistentSet.toString(PersistentSet.java:328)
	at java.base/java.lang.StringConcatHelper.stringOf(StringConcatHelper.java:429)
	at ru.mirea.practice21.models.Market.toString(Market.java:13)
	at java.base/java.lang.StringConcatHelper.stringOf(StringConcatHelper.java:429)
	at ru.mirea.practice21.models.Product.toString(Product.java:12)
	at java.base/java.lang.String.valueOf(String.java:3367)
	at java.base/java.lang.StringBuilder.append(StringBuilder.java:167)
	at java.base/java.util.AbstractCollection.toString(AbstractCollection.java:457)
	at org.hibernate.collection.internal.PersistentSet.toString(PersistentSet.java:328)
	at java.base/java.lang.StringConcatHelper.stringOf(StringConcatHelper.java:429)
	at ru.mirea.practice21.models.Market.toString(Market.java:13)
	at java.base/java.lang.StringConcatHelper.stringOf(StringConcatHelper.java:429)
	at ru.mirea.practice21.models.Product.toString(Product.java:12)
	at java.base/java.lang.String.valueOf(String.java:3367)
	at java.base/java.lang.StringBuilder.append(StringBuilder.java:167)
	at java.base/java.util.AbstractCollection.toString(AbstractCollection.java:457)
	at org.hibernate.collection.internal.PersistentSet.toString(PersistentSet.java:328)
	at java.base/java.lang.StringConcatHelper.stringOf(StringConcatHelper.java:429)
	at ru.mirea.practice21.models.Market.toString(Market.java:13)
	at java.base/java.lang.StringConcatHelper.stringOf(StringConcatHelper.java:429)
	at ru.mirea.practice21.models.Product.toString(Product.java:12)
	at java.base/java.lang.String.valueOf(String.java:3367)
	at java.base/java.lang.StringBuilder.append(StringBuilder.java:167)
	at java.base/java.util.AbstractCollection.toString(AbstractCollection.java:457)
	at org.hibernate.collection.internal.PersistentSet.toString(PersistentSet.java:328)
	at java.base/java.lang.StringConcatHelper.stringOf(StringConcatHelper.java:429)
	at ru.mirea.practice21.models.Market.toString(Market.java:13)
	at java.base/java.lang.StringConcatHelper.stringOf(StringConcatHelper.java:429)
	at ru.mirea.practice21.models.Product.toString(Product.java:12)
	at java.base/java.lang.String.valueOf(String.java:3367)
	at java.base/java.lang.StringBuilder.append(StringBuilder.java:167)
	at java.base/java.util.AbstractCollection.toString(AbstractCollection.java:457)
	at org.hibernate.collection.internal.PersistentSet.toString(PersistentSet.java:328)
	at java.base/java.lang.StringConcatHelper.stringOf(StringConcatHelper.java:429)
	at ru.mirea.practice21.models.Market.toString(Market.java:13)
	at java.base/java.lang.StringConcatHelper.stringOf(StringConcatHelper.java:429)
	at ru.mirea.practice21.models.Product.toString(Product.java:12)
	at java.base/java.lang.String.valueOf(String.java:3367)
	at java.base/java.lang.StringBuilder.append(StringBuilder.java:167)
	at java.base/java.util.AbstractCollection.toString(AbstractCollection.java:457)
	at org.hibernate.collection.internal.PersistentSet.toString(PersistentSet.java:328)
	at java.base/java.lang.StringConcatHelper.stringOf(StringConcatHelper.java:429)
	at ru.mirea.practice21.models.Market.toString(Market.java:13)
	at java.base/java.lang.StringConcatHelper.stringOf(StringConcatHelper.java:429)
	at ru.mirea.practice21.models.Product.toString(Product.java:12)
	at java.base/java.lang.String.valueOf(String.java:3367)
	at java.base/java.lang.StringBuilder.append(StringBuilder.java:167)
	at java.base/java.util.AbstractCollection.toString(AbstractCollection.java:457)
	at org.hibernate.collection.internal.PersistentSet.toString(PersistentSet.java:328)
	at java.base/java.lang.StringConcatHelper.stringOf(StringConcatHelper.java:429)
	at ru.mirea.practice21.models.Market.toString(Market.java:13)
	at java.base/java.lang.StringConcatHelper.stringOf(StringConcatHelper.java:429)
	at ru.mirea.practice21.models.Product.toString(Product.java:12)
	at java.base/java.lang.String.valueOf(String.java:3367)
	at java.base/java.lang.StringBuilder.append(StringBuilder.java:167)
	at java.base/java.util.AbstractCollection.toString(AbstractCollection.java:457)
	at org.hibernate.collection.internal.PersistentSet.toString(PersistentSet.java:328)
	at java.base/java.lang.StringConcatHelper.stringOf(StringConcatHelper.java:429)
	at ru.mirea.practice21.models.Market.toString(Market.java:13)
	at java.base/java.lang.StringConcatHelper.stringOf(StringConcatHelper.java:429)
	at ru.mirea.practice21.models.Product.toString(Product.java:12)
	at java.base/java.lang.String.valueOf(String.java:3367)
	at java.base/java.lang.StringBuilder.append(StringBuilder.java:167)
	at java.base/java.util.AbstractCollection.toString(AbstractCollection.java:457)
	at org.hibernate.collection.internal.PersistentSet.toString(PersistentSet.java:328)
	at java.base/java.lang.StringConcatHelper.stringOf(StringConcatHelper.java:429)
	at ru.mirea.practice21.models.Market.toString(Market.java:13)
	at java.base/java.lang.StringConcatHelper.stringOf(StringConcatHelper.java:429)
	at ru.mirea.practice21.models.Product.toString(Product.java:12)
	at java.base/java.lang.String.valueOf(String.java:3367)
	at java.base/java.lang.StringBuilder.append(StringBuilder.java:167)
	at java.base/java.util.AbstractCollection.toString(AbstractCollection.java:457)
	at org.hibernate.collection.internal.PersistentSet.toString(PersistentSet.java:328)
	at java.base/java.lang.StringConcatHelper.stringOf(StringConcatHelper.java:429)
	at ru.mirea.practice21.models.Market.toString(Market.java:13)
	at java.base/java.lang.StringConcatHelper.stringOf(StringConcatHelper.java:429)
	at ru.mirea.practice21.models.Product.toString(Product.java:12)
	at java.base/java.lang.String.valueOf(String.java:3367)
	at java.base/java.lang.StringBuilder.append(StringBuilder.java:167)
	at java.base/java.util.AbstractCollection.toString(AbstractCollection.java:457)
	at org.hibernate.collection.internal.PersistentSet.toString(PersistentSet.java:328)
	at java.base/java.lang.StringConcatHelper.stringOf(StringConcatHelper.java:429)
	at ru.mirea.practice21.models.Market.toString(Market.java:13)
	at java.base/java.lang.StringConcatHelper.stringOf(StringConcatHelper.java:429)
	at ru.mirea.practice21.models.Product.toString(Product.java:12)
	at java.base/java.lang.String.valueOf(String.java:3367)
	at java.base/java.lang.StringBuilder.append(StringBuilder.java:167)
	at java.base/java.util.AbstractCollection.toString(AbstractCollection.java:457)
	at org.hibernate.collection.internal.PersistentSet.toString(PersistentSet.java:328)
	at java.base/java.lang.StringConcatHelper.stringOf(StringConcatHelper.java:429)
	at ru.mirea.practice21.models.Market.toString(Market.java:13)
	at java.base/java.lang.StringConcatHelper.stringOf(StringConcatHelper.java:429)
	at ru.mirea.practice21.models.Product.toString(Product.java:12)
	at java.base/java.lang.String.valueOf(String.java:3367)
	at java.base/java.lang.StringBuilder.append(StringBuilder.java:167)
	at java.base/java.util.AbstractCollection.toString(AbstractCollection.java:457)
	at org.hibernate.collection.internal.PersistentSet.toString(PersistentSet.java:328)
	at java.base/java.lang.StringConcatHelper.stringOf(StringConcatHelper.java:429)
	at ru.mirea.practice21.models.Market.toString(Market.java:13)
	at java.base/java.lang.StringConcatHelper.stringOf(StringConcatHelper.java:429)
	at ru.mirea.practice21.models.Product.toString(Product.java:12)
	at java.base/java.lang.String.valueOf(String.java:3367)
	at java.base/java.lang.StringBuilder.append(StringBuilder.java:167)
	at java.base/java.util.AbstractCollection.toString(AbstractCollection.java:457)
	at org.hibernate.collection.internal.PersistentSet.toString(PersistentSet.java:328)
	at java.base/java.lang.StringConcatHelper.stringOf(StringConcatHelper.java:429)
	at ru.mirea.practice21.models.Market.toString(Market.java:13)
	at java.base/java.lang.StringConcatHelper.stringOf(StringConcatHelper.java:429)
	at ru.mirea.practice21.models.Product.toString(Product.java:12)
	at java.base/java.lang.String.valueOf(String.java:3367)
	at java.base/java.lang.StringBuilder.append(StringBuilder.java:167)
	at java.base/java.util.AbstractCollection.toString(AbstractCollection.java:457)
	at org.hibernate.collection.internal.PersistentSet.toString(PersistentSet.java:328)
	at java.base/java.lang.StringConcatHelper.stringOf(StringConcatHelper.java:429)
	at ru.mirea.practice21.models.Market.toString(Market.java:13)
	at java.base/java.lang.StringConcatHelper.stringOf(StringConcatHelper.java:429)
	at ru.mirea.practice21.models.Product.toString(Product.java:12)
	at java.base/java.lang.String.valueOf(String.java:3367)
	at java.base/java.lang.StringBuilder.append(StringBuilder.java:167)
	at java.base/java.util.AbstractCollection.toString(AbstractCollection.java:457)
	at org.hibernate.collection.internal.PersistentSet.toString(PersistentSet.java:328)
	at java.base/java.lang.StringConcatHelper.stringOf(StringConcatHelper.java:429)
	at ru.mirea.practice21.models.Market.toString(Market.java:13)
	at java.base/java.lang.StringConcatHelper.stringOf(StringConcatHelper.java:429)
	at ru.mirea.practice21.models.Product.toString(Product.java:12)
	at java.base/java.lang.String.valueOf(String.java:3367)
	at java.base/java.lang.StringBuilder.append(StringBuilder.java:167)
	at java.base/java.util.AbstractCollection.toString(AbstractCollection.java:457)
	at org.hibernate.collection.internal.PersistentSet.toString(PersistentSet.java:328)
	at java.base/java.lang.StringConcatHelper.stringOf(StringConcatHelper.java:429)
	at ru.mirea.practice21.models.Market.toString(Market.java:13)
	at java.base/java.lang.StringConcatHelper.stringOf(StringConcatHelper.java:429)
	at ru.mirea.practice21.models.Product.toString(Product.java:12)
	at java.base/java.lang.String.valueOf(String.java:3367)
	at java.base/java.lang.StringBuilder.append(StringBuilder.java:167)
	at java.base/java.util.AbstractCollection.toString(AbstractCollection.java:457)
	at org.hibernate.collection.internal.PersistentSet.toString(PersistentSet.java:328)
	at java.base/java.lang.StringConcatHelper.stringOf(StringConcatHelper.java:429)
	at ru.mirea.practice21.models.Market.toString(Market.java:13)
	at java.base/java.lang.StringConcatHelper.stringOf(StringConcatHelper.java:429)
	at ru.mirea.practice21.models.Product.toString(Product.java:12)
	at java.base/java.lang.String.valueOf(String.java:3367)
	at java.base/java.lang.StringBuilder.append(StringBuilder.java:167)
	at java.base/java.util.AbstractCollection.toString(AbstractCollection.java:457)
	at org.hibernate.collection.internal.PersistentSet.toString(PersistentSet.java:328)
	at java.base/java.lang.StringConcatHelper.stringOf(StringConcatHelper.java:429)
	at ru.mirea.practice21.models.Market.toString(Market.java:13)
	at java.base/java.lang.StringConcatHelper.stringOf(StringConcatHelper.java:429)
	at ru.mirea.practice21.models.Product.toString(Product.java:12)
	at java.base/java.lang.String.valueOf(String.java:3367)
	at java.base/java.lang.StringBuilder.append(StringBuilder.java:167)
	at java.base/java.util.AbstractCollection.toString(AbstractCollection.java:457)
	at org.hibernate.collection.internal.PersistentSet.toString(PersistentSet.java:328)
	at java.base/java.lang.StringConcatHelper.stringOf(StringConcatHelper.java:429)
	at ru.mirea.practice21.models.Market.toString(Market.java:13)
	at java.base/java.lang.StringConcatHelper.stringOf(StringConcatHelper.java:429)
	at ru.mirea.practice21.models.Product.toString(Product.java:12)
	at java.base/java.lang.String.valueOf(String.java:3367)
	at java.base/java.lang.StringBuilder.append(StringBuilder.java:167)
	at java.base/java.util.AbstractCollection.toString(AbstractCollection.java:457)
	at org.hibernate.collection.internal.PersistentSet.toString(PersistentSet.java:328)
	at java.base/java.lang.StringConcatHelper.stringOf(StringConcatHelper.java:429)
	at ru.mirea.practice21.models.Market.toString(Market.java:13)
	at java.base/java.lang.StringConcatHelper.stringOf(StringConcatHelper.java:429)
	at ru.mirea.practice21.models.Product.toString(Product.java:12)
	at java.base/java.lang.String.valueOf(String.java:3367)
	at java.base/java.lang.StringBuilder.append(StringBuilder.java:167)
	at java.base/java.util.AbstractCollection.toString(AbstractCollection.java:457)
	at org.hibernate.collection.internal.PersistentSet.toString(PersistentSet.java:328)
	at java.base/java.lang.StringConcatHelper.stringOf(StringConcatHelper.java:429)
	at ru.mirea.practice21.models.Market.toString(Market.java:13)
	at java.base/java.lang.StringConcatHelper.stringOf(StringConcatHelper.java:429)
	at ru.mirea.practice21.models.Product.toString(Product.java:12)
	at java.base/java.lang.String.valueOf(String.java:3367)
	at java.base/java.lang.StringBuilder.append(StringBuilder.java:167)
	at java.base/java.util.AbstractCollection.toString(AbstractCollection.java:457)
	at org.hibernate.collection.internal.PersistentSet.toString(PersistentSet.java:328)
	at java.base/java.lang.StringConcatHelper.stringOf(StringConcatHelper.java:429)
	at ru.mirea.practice21.models.Market.toString(Market.java:13)
	at java.base/java.lang.StringConcatHelper.stringOf(StringConcatHelper.java:429)
	at ru.mirea.practice21.models.Product.toString(Product.java:12)
	at java.base/java.lang.String.valueOf(String.java:3367)
	at java.base/java.lang.StringBuilder.append(StringBuilder.java:167)
	at java.base/java.util.AbstractCollection.toString(AbstractCollection.java:457)
	at org.hibernate.collection.internal.PersistentSet.toString(PersistentSet.java:328)
	at java.base/java.lang.StringConcatHelper.stringOf(StringConcatHelper.java:429)
	at ru.mirea.practice21.models.Market.toString(Market.java:13)
	at java.base/java.lang.StringConcatHelper.stringOf(StringConcatHelper.java:429)
	at ru.mirea.practice21.models.Product.toString(Product.java:12)
	at java.base/java.lang.String.valueOf(String.java:3367)
	at java.base/java.lang.StringBuilder.append(StringBuilder.java:167)
	at java.base/java.util.AbstractCollection.toString(AbstractCollection.java:457)
	at org.hibernate.collection.internal.PersistentSet.toString(PersistentSet.java:328)
	at java.base/java.lang.StringConcatHelper.stringOf(StringConcatHelper.java:429)
	at ru.mirea.practice21.models.Market.toString(Market.java:13)
	at java.base/java.lang.StringConcatHelper.stringOf(StringConcatHelper.java:429)
	at ru.mirea.practice21.models.Product.toString(Product.java:12)
	at java.base/java.lang.String.valueOf(String.java:3367)
	at java.base/java.lang.StringBuilder.append(StringBuilder.java:167)
	at java.base/java.util.AbstractCollection.toString(AbstractCollection.java:457)
	at org.hibernate.collection.internal.PersistentSet.toString(PersistentSet.java:328)
	at java.base/java.lang.StringConcatHelper.stringOf(StringConcatHelper.java:429)
	at ru.mirea.practice21.models.Market.toString(Market.java:13)
	at java.base/java.lang.StringConcatHelper.stringOf(StringConcatHelper.java:429)
	at ru.mirea.practice21.models.Product.toString(Product.java:12)
	at java.base/java.lang.String.valueOf(String.java:3367)
	at java.base/java.lang.StringBuilder.append(StringBuilder.java:167)
	at java.base/java.util.AbstractCollection.toString(AbstractCollection.java:457)
	at org.hibernate.collection.internal.PersistentSet.toString(PersistentSet.java:328)
	at java.base/java.lang.StringConcatHelper.stringOf(StringConcatHelper.java:429)
	at ru.mirea.practice21.models.Market.toString(Market.java:13)
	at java.base/java.lang.StringConcatHelper.stringOf(StringConcatHelper.java:429)
	at ru.mirea.practice21.models.Product.toString(Product.java:12)
	at java.base/java.lang.String.valueOf(String.java:3367)
	at java.base/java.lang.StringBuilder.append(StringBuilder.java:167)
	at java.base/java.util.AbstractCollection.toString(AbstractCollection.java:457)
	at org.hibernate.collection.internal.PersistentSet.toString(PersistentSet.java:328)
	at java.base/java.lang.StringConcatHelper.stringOf(StringConcatHelper.java:429)
	at ru.mirea.practice21.models.Market.toString(Market.java:13)
	at java.base/java.lang.StringConcatHelper.stringOf(StringConcatHelper.java:429)
	at ru.mirea.practice21.models.Product.toString(Product.java:12)
	at java.base/java.lang.String.valueOf(String.java:3367)
	at java.base/java.lang.StringBuilder.append(StringBuilder.java:167)
	at java.base/java.util.AbstractCollection.toString(AbstractCollection.java:457)
	at org.hibernate.collection.internal.PersistentSet.toString(PersistentSet.java:328)
	at java.base/java.lang.StringConcatHelper.stringOf(StringConcatHelper.java:429)
	at ru.mirea.practice21.models.Market.toString(Market.java:13)
	at java.base/java.lang.StringConcatHelper.stringOf(StringConcatHelper.java:429)
	at ru.mirea.practice21.models.Product.toString(Product.java:12)
	at java.base/java.lang.String.valueOf(String.java:3367)
	at java.base/java.lang.StringBuilder.append(StringBuilder.java:167)
	at java.base/java.util.AbstractCollection.toString(AbstractCollection.java:457)
	at org.hibernate.collection.internal.PersistentSet.toString(PersistentSet.java:328)
	at java.base/java.lang.StringConcatHelper.stringOf(StringConcatHelper.java:429)
	at ru.mirea.practice21.models.Market.toString(Market.java:13)
	at java.base/java.lang.StringConcatHelper.stringOf(StringConcatHelper.java:429)
	at ru.mirea.practice21.models.Product.toString(Product.java:12)
	at java.base/java.lang.String.valueOf(String.java:3367)
	at java.base/java.lang.StringBuilder.append(StringBuilder.java:167)
	at java.base/java.util.AbstractCollection.toString(AbstractCollection.java:457)
	at org.hibernate.collection.internal.PersistentSet.toString(PersistentSet.java:328)
	at java.base/java.lang.StringConcatHelper.stringOf(StringConcatHelper.java:429)
	at ru.mirea.practice21.models.Market.toString(Market.java:13)
	at java.base/java.lang.StringConcatHelper.stringOf(StringConcatHelper.java:429)
	at ru.mirea.practice21.models.Product.toString(Product.java:12)
	at java.base/java.lang.String.valueOf(String.java:3367)
	at java.base/java.lang.StringBuilder.append(StringBuilder.java:167)
	at java.base/java.util.AbstractCollection.toString(AbstractCollection.java:457)
	at org.hibernate.collection.internal.PersistentSet.toString(PersistentSet.java:328)
	at java.base/java.lang.StringConcatHelper.stringOf(StringConcatHelper.java:429)
	at ru.mirea.practice21.models.Market.toString(Market.java:13)
	at java.base/java.lang.StringConcatHelper.stringOf(StringConcatHelper.java:429)
	at ru.mirea.practice21.models.Product.toString(Product.java:12)
	at java.base/java.lang.String.valueOf(String.java:3367)
	at java.base/java.lang.StringBuilder.append(StringBuilder.java:167)
	at java.base/java.util.AbstractCollection.toString(AbstractCollection.java:457)
	at org.hibernate.collection.internal.PersistentSet.toString(PersistentSet.java:328)
	at java.base/java.lang.StringConcatHelper.stringOf(StringConcatHelper.java:429)
	at ru.mirea.practice21.models.Market.toString(Market.java:13)
	at java.base/java.lang.StringConcatHelper.stringOf(StringConcatHelper.java:429)
	at ru.mirea.practice21.models.Product.toString(Product.java:12)
	at java.base/java.lang.String.valueOf(String.java:3367)
	at java.base/java.lang.StringBuilder.append(StringBuilder.java:167)
	at java.base/java.util.AbstractCollection.toString(AbstractCollection.java:457)
	at org.hibernate.collection.internal.PersistentSet.toString(PersistentSet.java:328)
	at java.base/java.lang.StringConcatHelper.stringOf(StringConcatHelper.java:429)
	at ru.mirea.practice21.models.Market.toString(Market.java:13)
	at java.base/java.lang.StringConcatHelper.stringOf(StringConcatHelper.java:429)
	at ru.mirea.practice21.models.Product.toString(Product.java:12)
	at java.base/java.lang.String.valueOf(String.java:3367)
	at java.base/java.lang.StringBuilder.append(StringBuilder.java:167)
	at java.base/java.util.AbstractCollection.toString(AbstractCollection.java:457)
	at org.hibernate.collection.internal.PersistentSet.toString(PersistentSet.java:328)
	at java.base/java.lang.StringConcatHelper.stringOf(StringConcatHelper.java:429)
	at ru.mirea.practice21.models.Market.toString(Market.java:13)
	at java.base/java.lang.StringConcatHelper.stringOf(StringConcatHelper.java:429)
	at ru.mirea.practice21.models.Product.toString(Product.java:12)
	at java.base/java.lang.String.valueOf(String.java:3367)
	at java.base/java.lang.StringBuilder.append(StringBuilder.java:167)
	at java.base/java.util.AbstractCollection.toString(AbstractCollection.java:457)
	at org.hibernate.collection.internal.PersistentSet.toString(PersistentSet.java:328)
	at java.base/java.lang.StringConcatHelper.stringOf(StringConcatHelper.java:429)
	at ru.mirea.practice21.models.Market.toString(Market.java:13)
	at java.base/java.lang.StringConcatHelper.stringOf(StringConcatHelper.java:429)
	at ru.mirea.practice21.models.Product.toString(Product.java:12)
	at java.base/java.lang.String.valueOf(String.java:3367)
	at java.base/java.lang.StringBuilder.append(StringBuilder.java:167)
	at java.base/java.util.AbstractCollection.toString(AbstractCollection.java:457)
	at org.hibernate.collection.internal.PersistentSet.toString(PersistentSet.java:328)
	at java.base/java.lang.StringConcatHelper.stringOf(StringConcatHelper.java:429)
	at ru.mirea.practice21.models.Market.toString(Market.java:13)
	at java.base/java.lang.StringConcatHelper.stringOf(StringConcatHelper.java:429)
	at ru.mirea.practice21.models.Product.toString(Product.java:12)
	at java.base/java.lang.String.valueOf(String.java:3367)
	at java.base/java.lang.StringBuilder.append(StringBuilder.java:167)
	at java.base/java.util.AbstractCollection.toString(AbstractCollection.java:457)
	at org.hibernate.collection.internal.PersistentSet.toString(PersistentSet.java:328)
	at java.base/java.lang.StringConcatHelper.stringOf(StringConcatHelper.java:429)
	at ru.mirea.practice21.models.Market.toString(Market.java:13)
	at java.base/java.lang.StringConcatHelper.stringOf(StringConcatHelper.java:429)
	at ru.mirea.practice21.models.Product.toString(Product.java:12)
	at java.base/java.lang.String.valueOf(String.java:3367)
	at java.base/java.lang.StringBuilder.append(StringBuilder.java:167)
	at java.base/java.util.AbstractCollection.toString(AbstractCollection.java:457)
	at org.hibernate.collection.internal.PersistentSet.toString(PersistentSet.java:328)
	at java.base/java.lang.StringConcatHelper.stringOf(StringConcatHelper.java:429)
	at ru.mirea.practice21.models.Market.toString(Market.java:13)
	at java.base/java.lang.StringConcatHelper.stringOf(StringConcatHelper.java:429)
	at ru.mirea.practice21.models.Product.toString(Product.java:12)
	at java.base/java.lang.String.valueOf(String.java:3367)
	at java.base/java.lang.StringBuilder.append(StringBuilder.java:167)
	at java.base/java.util.AbstractCollection.toString(AbstractCollection.java:457)
	at org.hibernate.collection.internal.PersistentSet.toString(PersistentSet.java:328)
	at java.base/java.lang.StringConcatHelper.stringOf(StringConcatHelper.java:429)
	at ru.mirea.practice21.models.Market.toString(Market.java:13)
	at java.base/java.lang.StringConcatHelper.stringOf(StringConcatHelper.java:429)
	at ru.mirea.practice21.models.Product.toString(Product.java:12)
	at java.base/java.lang.String.valueOf(String.java:3367)
	at java.base/java.lang.StringBuilder.append(StringBuilder.java:167)
	at java.base/java.util.AbstractCollection.toString(AbstractCollection.java:457)
	at org.hibernate.collection.internal.PersistentSet.toString(PersistentSet.java:328)
	at java.base/java.lang.StringConcatHelper.stringOf(StringConcatHelper.java:429)
	at ru.mirea.practice21.models.Market.toString(Market.java:13)
	at java.base/java.lang.StringConcatHelper.stringOf(StringConcatHelper.java:429)
	at ru.mirea.practice21.models.Product.toString(Product.java:12)
	at java.base/java.lang.String.valueOf(String.java:3367)
	at java.base/java.lang.StringBuilder.append(StringBuilder.java:167)
	at java.base/java.util.AbstractCollection.toString(AbstractCollection.java:457)
	at org.hibernate.collection.internal.PersistentSet.toString(PersistentSet.java:328)
	at java.base/java.lang.StringConcatHelper.stringOf(StringConcatHelper.java:429)
	at ru.mirea.practice21.models.Market.toString(Market.java:13)
	at java.base/java.lang.StringConcatHelper.stringOf(StringConcatHelper.java:429)
	at ru.mirea.practice21.models.Product.toString(Product.java:12)
	at java.base/java.lang.String.valueOf(String.java:3367)
	at java.base/java.lang.StringBuilder.append(StringBuilder.java:167)
	at java.base/java.util.AbstractCollection.toString(AbstractCollection.java:457)
	at org.hibernate.collection.internal.PersistentSet.toString(PersistentSet.java:328)
	at java.base/java.lang.StringConcatHelper.stringOf(StringConcatHelper.java:429)
	at ru.mirea.practice21.models.Market.toString(Market.java:13)
	at java.base/java.lang.StringConcatHelper.stringOf(StringConcatHelper.java:429)
	at ru.mirea.practice21.models.Product.toString(Product.java:12)
	at java.base/java.lang.String.valueOf(String.java:3367)
	at java.base/java.lang.StringBuilder.append(StringBuilder.java:167)
	at java.base/java.util.AbstractCollection.toString(AbstractCollection.java:457)
	at org.hibernate.collection.internal.PersistentSet.toString(PersistentSet.java:328)
	at java.base/java.lang.StringConcatHelper.stringOf(StringConcatHelper.java:429)
	at ru.mirea.practice21.models.Market.toString(Market.java:13)
	at java.base/java.lang.StringConcatHelper.stringOf(StringConcatHelper.java:429)
	at ru.mirea.practice21.models.Product.toString(Product.java:12)
	at java.base/java.lang.String.valueOf(String.java:3367)
	at java.base/java.lang.StringBuilder.append(StringBuilder.java:167)
	at java.base/java.util.AbstractCollection.toString(AbstractCollection.java:457)
	at org.hibernate.collection.internal.PersistentSet.toString(PersistentSet.java:328)
	at java.base/java.lang.StringConcatHelper.stringOf(StringConcatHelper.java:429)
	at ru.mirea.practice21.models.Market.toString(Market.java:13)
	at java.base/java.lang.StringConcatHelper.stringOf(StringConcatHelper.java:429)
	at ru.mirea.practice21.models.Product.toString(Product.java:12)
	at java.base/java.lang.String.valueOf(String.java:3367)
	at java.base/java.lang.StringBuilder.append(StringBuilder.java:167)
	at java.base/java.util.AbstractCollection.toString(AbstractCollection.java:457)
	at org.hibernate.collection.internal.PersistentSet.toString(PersistentSet.java:328)
	at java.base/java.lang.StringConcatHelper.stringOf(StringConcatHelper.java:429)
	at ru.mirea.practice21.models.Market.toString(Market.java:13)
	at java.base/java.lang.StringConcatHelper.stringOf(StringConcatHelper.java:429)
	at ru.mirea.practice21.models.Product.toString(Product.java:12)
	at java.base/java.lang.String.valueOf(String.java:3367)
	at java.base/java.lang.StringBuilder.append(StringBuilder.java:167)
	at java.base/java.util.AbstractCollection.toString(AbstractCollection.java:457)
	at org.hibernate.collection.internal.PersistentSet.toString(PersistentSet.java:328)
	at java.base/java.lang.StringConcatHelper.stringOf(StringConcatHelper.java:429)
	at ru.mirea.practice21.models.Market.toString(Market.java:13)
	at java.base/java.lang.StringConcatHelper.stringOf(StringConcatHelper.java:429)
	at ru.mirea.practice21.models.Product.toString(Product.java:12)
	at java.base/java.lang.String.valueOf(String.java:3367)
	at java.base/java.lang.StringBuilder.append(StringBuilder.java:167)
	at java.base/java.util.AbstractCollection.toString(AbstractCollection.java:457)
	at org.hibernate.collection.internal.PersistentSet.toString(PersistentSet.java:328)
	at java.base/java.lang.StringConcatHelper.stringOf(StringConcatHelper.java:429)
	at ru.mirea.practice21.models.Market.toString(Market.java:13)
	at java.base/java.lang.StringConcatHelper.stringOf(StringConcatHelper.java:429)
	at ru.mirea.practice21.models.Product.toString(Product.java:12)
	at java.base/java.lang.String.valueOf(String.java:3367)
	at java.base/java.lang.StringBuilder.append(StringBuilder.java:167)
	at java.base/java.util.AbstractCollection.toString(AbstractCollection.java:457)
	at org.hibernate.collection.internal.PersistentSet.toString(PersistentSet.java:328)
	at java.base/java.lang.StringConcatHelper.stringOf(StringConcatHelper.java:429)
	at ru.mirea.practice21.models.Market.toString(Market.java:13)
	at java.base/java.lang.StringConcatHelper.stringOf(StringConcatHelper.java:429)
	at ru.mirea.practice21.models.Product.toString(Product.java:12)
	at java.base/java.lang.String.valueOf(String.java:3367)
	at java.base/java.lang.StringBuilder.append(StringBuilder.java:167)
	at java.base/java.util.AbstractCollection.toString(AbstractCollection.java:457)
	at org.hibernate.collection.internal.PersistentSet.toString(PersistentSet.java:328)
	at java.base/java.lang.StringConcatHelper.stringOf(StringConcatHelper.java:429)
	at ru.mirea.practice21.models.Market.toString(Market.java:13)
	at java.base/java.lang.StringConcatHelper.stringOf(StringConcatHelper.java:429)
	at ru.mirea.practice21.models.Product.toString(Product.java:12)
	at java.base/java.lang.String.valueOf(String.java:3367)
	at java.base/java.lang.StringBuilder.append(StringBuilder.java:167)
	at java.base/java.util.AbstractCollection.toString(AbstractCollection.java:457)
	at org.hibernate.collection.internal.PersistentSet.toString(PersistentSet.java:328)
	at java.base/java.lang.StringConcatHelper.stringOf(StringConcatHelper.java:429)
	at ru.mirea.practice21.models.Market.toString(Market.java:13)
	at java.base/java.lang.StringConcatHelper.stringOf(StringConcatHelper.java:429)
	at ru.mirea.practice21.models.Product.toString(Product.java:12)
	at java.base/java.lang.String.valueOf(String.java:3367)
	at java.base/java.lang.StringBuilder.append(StringBuilder.java:167)
	at java.base/java.util.AbstractCollection.toString(AbstractCollection.java:457)
	at org.hibernate.collection.internal.PersistentSet.toString(PersistentSet.java:328)
	at java.base/java.lang.StringConcatHelper.stringOf(StringConcatHelper.java:429)
	at ru.mirea.practice21.models.Market.toString(Market.java:13)
	at java.base/java.lang.StringConcatHelper.stringOf(StringConcatHelper.java:429)
	at ru.mirea.practice21.models.Product.toString(Product.java:12)
	at java.base/java.lang.String.valueOf(String.java:3367)
	at java.base/java.lang.StringBuilder.append(StringBuilder.java:167)
	at java.base/java.util.AbstractCollection.toString(AbstractCollection.java:457)
	at org.hibernate.collection.internal.PersistentSet.toString(PersistentSet.java:328)
	at java.base/java.lang.StringConcatHelper.stringOf(StringConcatHelper.java:429)
	at ru.mirea.practice21.models.Market.toString(Market.java:13)
	at java.base/java.lang.StringConcatHelper.stringOf(StringConcatHelper.java:429)
	at ru.mirea.practice21.models.Product.toString(Product.java:12)
	at java.base/java.lang.String.valueOf(String.java:3367)
	at java.base/java.lang.StringBuilder.append(StringBuilder.java:167)
	at java.base/java.util.AbstractCollection.toString(AbstractCollection.java:457)
	at org.hibernate.collection.internal.PersistentSet.toString(PersistentSet.java:328)
	at java.base/java.lang.StringConcatHelper.stringOf(StringConcatHelper.java:429)
	at ru.mirea.practice21.models.Market.toString(Market.java:13)
	at java.base/java.lang.StringConcatHelper.stringOf(StringConcatHelper.java:429)
	at ru.mirea.practice21.models.Product.toString(Product.java:12)
	at java.base/java.lang.String.valueOf(String.java:3367)
	at java.base/java.lang.StringBuilder.append(StringBuilder.java:167)
	at java.base/java.util.AbstractCollection.toString(AbstractCollection.java:457)
	at org.hibernate.collection.internal.PersistentSet.toString(PersistentSet.java:328)
	at java.base/java.lang.StringConcatHelper.stringOf(StringConcatHelper.java:429)
	at ru.mirea.practice21.models.Market.toString(Market.java:13)
	at java.base/java.lang.StringConcatHelper.stringOf(StringConcatHelper.java:429)
	at ru.mirea.practice21.models.Product.toString(Product.java:12)
	at java.base/java.lang.String.valueOf(String.java:3367)
	at java.base/java.lang.StringBuilder.append(StringBuilder.java:167)
	at java.base/java.util.AbstractCollection.toString(AbstractCollection.java:457)
	at org.hibernate.collection.internal.PersistentSet.toString(PersistentSet.java:328)
	at java.base/java.lang.StringConcatHelper.stringOf(StringConcatHelper.java:429)
	at ru.mirea.practice21.models.Market.toString(Market.java:13)
	at java.base/java.lang.StringConcatHelper.stringOf(StringConcatHelper.java:429)
	at ru.mirea.practice21.models.Product.toString(Product.java:12)
	at java.base/java.lang.String.valueOf(String.java:3367)
	at java.base/java.lang.StringBuilder.append(StringBuilder.java:167)
	at java.base/java.util.AbstractCollection.toString(AbstractCollection.java:457)
	at org.hibernate.collection.internal.PersistentSet.toString(PersistentSet.java:328)
	at java.base/java.lang.StringConcatHelper.stringOf(StringConcatHelper.java:429)
	at ru.mirea.practice21.models.Market.toString(Market.java:13)
	at java.base/java.lang.StringConcatHelper.stringOf(StringConcatHelper.java:429)
	at ru.mirea.practice21.models.Product.toString(Product.java:12)
	at java.base/java.lang.String.valueOf(String.java:3367)
	at java.base/java.lang.StringBuilder.append(StringBuilder.java:167)
	at java.base/java.util.AbstractCollection.toString(AbstractCollection.java:457)
	at org.hibernate.collection.internal.PersistentSet.toString(PersistentSet.java:328)
	at java.base/java.lang.StringConcatHelper.stringOf(StringConcatHelper.java:429)
	at ru.mirea.practice21.models.Market.toString(Market.java:13)
	at java.base/java.lang.StringConcatHelper.stringOf(StringConcatHelper.java:429)
	at ru.mirea.practice21.models.Product.toString(Product.java:12)
	at java.base/java.lang.String.valueOf(String.java:3367)
	at java.base/java.lang.StringBuilder.append(StringBuilder.java:167)
	at java.base/java.util.AbstractCollection.toString(AbstractCollection.java:457)
	at org.hibernate.collection.internal.PersistentSet.toString(PersistentSet.java:328)
	at java.base/java.lang.StringConcatHelper.stringOf(StringConcatHelper.java:429)
	at ru.mirea.practice21.models.Market.toString(Market.java:13)
	at java.base/java.lang.StringConcatHelper.stringOf(StringConcatHelper.java:429)
	at ru.mirea.practice21.models.Product.toString(Product.java:12)
	at java.base/java.lang.String.valueOf(String.java:3367)
	at java.base/java.lang.StringBuilder.append(StringBuilder.java:167)
	at java.base/java.util.AbstractCollection.toString(AbstractCollection.java:457)
	at org.hibernate.collection.internal.PersistentSet.toString(PersistentSet.java:328)
	at java.base/java.lang.StringConcatHelper.stringOf(StringConcatHelper.java:429)
	at ru.mirea.practice21.models.Market.toString(Market.java:13)
	at java.base/java.lang.StringConcatHelper.stringOf(StringConcatHelper.java:429)
	at ru.mirea.practice21.models.Product.toString(Product.java:12)
	at java.base/java.lang.String.valueOf(String.java:3367)
	at java.base/java.lang.StringBuilder.append(StringBuilder.java:167)
	at java.base/java.util.AbstractCollection.toString(AbstractCollection.java:457)
	at org.hibernate.collection.internal.PersistentSet.toString(PersistentSet.java:328)
	at java.base/java.lang.StringConcatHelper.stringOf(StringConcatHelper.java:429)
	at ru.mirea.practice21.models.Market.toString(Market.java:13)
	at java.base/java.lang.StringConcatHelper.stringOf(StringConcatHelper.java:429)
	at ru.mirea.practice21.models.Product.toString(Product.java:12)
	at java.base/java.lang.String.valueOf(String.java:3367)
	at java.base/java.lang.StringBuilder.append(StringBuilder.java:167)
	at java.base/java.util.AbstractCollection.toString(AbstractCollection.java:457)
	at org.hibernate.collection.internal.PersistentSet.toString(PersistentSet.java:328)
	at java.base/java.lang.StringConcatHelper.stringOf(StringConcatHelper.java:429)
	at ru.mirea.practice21.models.Market.toString(Market.java:13)
	at java.base/java.lang.StringConcatHelper.stringOf(StringConcatHelper.java:429)
	at ru.mirea.practice21.models.Product.toString(Product.java:12)
	at java.base/java.lang.String.valueOf(String.java:3367)
	at java.base/java.lang.StringBuilder.append(StringBuilder.java:167)
	at java.base/java.util.AbstractCollection.toString(AbstractCollection.java:457)
	at org.hibernate.collection.internal.PersistentSet.toString(PersistentSet.java:328)
	at java.base/java.lang.StringConcatHelper.stringOf(StringConcatHelper.java:429)
	at ru.mirea.practice21.models.Market.toString(Market.java:13)
	at java.base/java.lang.StringConcatHelper.stringOf(StringConcatHelper.java:429)
	at ru.mirea.practice21.models.Product.toString(Product.java:12)
	at java.base/java.lang.String.valueOf(String.java:3367)
	at java.base/java.lang.StringBuilder.append(StringBuilder.java:167)
	at java.base/java.util.AbstractCollection.toString(AbstractCollection.java:457)
	at org.hibernate.collection.internal.PersistentSet.toString(PersistentSet.java:328)
	at java.base/java.lang.StringConcatHelper.stringOf(StringConcatHelper.java:429)
	at ru.mirea.practice21.models.Market.toString(Market.java:13)
	at java.base/java.lang.StringConcatHelper.stringOf(StringConcatHelper.java:429)
	at ru.mirea.practice21.models.Product.toString(Product.java:12)
	at java.base/java.lang.String.valueOf(String.java:3367)
	at java.base/java.lang.StringBuilder.append(StringBuilder.java:167)
	at java.base/java.util.AbstractCollection.toString(AbstractCollection.java:457)
	at org.hibernate.collection.internal.PersistentSet.toString(PersistentSet.java:328)
	at java.base/java.lang.StringConcatHelper.stringOf(StringConcatHelper.java:429)
	at ru.mirea.practice21.models.Market.toString(Market.java:13)
	at java.base/java.lang.StringConcatHelper.stringOf(StringConcatHelper.java:429)
	at ru.mirea.practice21.models.Product.toString(Product.java:12)
	at java.base/java.lang.String.valueOf(String.java:3367)
	at java.base/java.lang.StringBuilder.append(StringBuilder.java:167)
	at java.base/java.util.AbstractCollection.toString(AbstractCollection.java:457)
	at org.hibernate.collection.internal.PersistentSet.toString(PersistentSet.java:328)
	at java.base/java.lang.StringConcatHelper.stringOf(StringConcatHelper.java:429)
	at ru.mirea.practice21.models.Market.toString(Market.java:13)
	at java.base/java.lang.StringConcatHelper.stringOf(StringConcatHelper.java:429)
	at ru.mirea.practice21.models.Product.toString(Product.java:12)
	at java.base/java.lang.String.valueOf(String.java:3367)
	at java.base/java.lang.StringBuilder.append(StringBuilder.java:167)
	at java.base/java.util.AbstractCollection.toString(AbstractCollection.java:457)
	at org.hibernate.collection.internal.PersistentSet.toString(PersistentSet.java:328)
	at java.base/java.lang.StringConcatHelper.stringOf(StringConcatHelper.java:429)
	at ru.mirea.practice21.models.Market.toString(Market.java:13)
	at java.base/java.lang.StringConcatHelper.stringOf(StringConcatHelper.java:429)
	at ru.mirea.practice21.models.Product.toString(Product.java:12)
	at java.base/java.lang.String.valueOf(String.java:3367)
	at java.base/java.lang.StringBuilder.append(StringBuilder.java:167)
	at java.base/java.util.AbstractCollection.toString(AbstractCollection.java:457)
	at org.hibernate.collection.internal.PersistentSet.toString(PersistentSet.java:328)
	at java.base/java.lang.StringConcatHelper.stringOf(StringConcatHelper.java:429)
	at ru.mirea.practice21.models.Market.toString(Market.java:13)
	at java.base/java.lang.StringConcatHelper.stringOf(StringConcatHelper.java:429)
	at ru.mirea.practice21.models.Product.toString(Product.java:12)
	at java.base/java.lang.String.valueOf(String.java:3367)
	at java.base/java.lang.StringBuilder.append(StringBuilder.java:167)
	at java.base/java.util.AbstractCollection.toString(AbstractCollection.java:457)
	at org.hibernate.collection.internal.PersistentSet.toString(PersistentSet.java:328)
	at java.base/java.lang.StringConcatHelper.stringOf(StringConcatHelper.java:429)
	at ru.mirea.practice21.models.Market.toString(Market.java:13)
	at java.base/java.lang.StringConcatHelper.stringOf(StringConcatHelper.java:429)
	at ru.mirea.practice21.models.Product.toString(Product.java:12)
	at java.base/java.lang.String.valueOf(String.java:3367)
	at java.base/java.lang.StringBuilder.append(StringBuilder.java:167)
	at java.base/java.util.AbstractCollection.toString(AbstractCollection.java:457)
	at org.hibernate.collection.internal.PersistentSet.toString(PersistentSet.java:328)
	at java.base/java.lang.StringConcatHelper.stringOf(StringConcatHelper.java:429)
	at ru.mirea.practice21.models.Market.toString(Market.java:13)
	at java.base/java.lang.StringConcatHelper.stringOf(StringConcatHelper.java:429)
	at ru.mirea.practice21.models.Product.toString(Product.java:12)
	at java.base/java.lang.String.valueOf(String.java:3367)
	at java.base/java.lang.StringBuilder.append(StringBuilder.java:167)
	at java.base/java.util.AbstractCollection.toString(AbstractCollection.java:457)
	at org.hibernate.collection.internal.PersistentSet.toString(PersistentSet.java:328)
	at java.base/java.lang.StringConcatHelper.stringOf(StringConcatHelper.java:429)
	at ru.mirea.practice21.models.Market.toString(Market.java:13)
	at java.base/java.lang.StringConcatHelper.stringOf(StringConcatHelper.java:429)
	at ru.mirea.practice21.models.Product.toString(Product.java:12)
	at java.base/java.lang.String.valueOf(String.java:3367)
	at java.base/java.lang.StringBuilder.append(StringBuilder.java:167)
	at java.base/java.util.AbstractCollection.toString(AbstractCollection.java:457)
	at org.hibernate.collection.internal.PersistentSet.toString(PersistentSet.java:328)
	at java.base/java.lang.StringConcatHelper.stringOf(StringConcatHelper.java:429)
	at ru.mirea.practice21.models.Market.toString(Market.java:13)
	at java.base/java.lang.StringConcatHelper.stringOf(StringConcatHelper.java:429)
	at ru.mirea.practice21.models.Product.toString(Product.java:12)
	at java.base/java.lang.String.valueOf(String.java:3367)
	at java.base/java.lang.StringBuilder.append(StringBuilder.java:167)
	at java.base/java.util.AbstractCollection.toString(AbstractCollection.java:457)
	at org.hibernate.collection.internal.PersistentSet.toString(PersistentSet.java:328)
	at java.base/java.lang.StringConcatHelper.stringOf(StringConcatHelper.java:429)
	at ru.mirea.practice21.models.Market.toString(Market.java:13)
	at java.base/java.lang.StringConcatHelper.stringOf(StringConcatHelper.java:429)
	at ru.mirea.practice21.models.Product.toString(Product.java:12)
	at java.base/java.lang.String.valueOf(String.java:3367)
	at java.base/java.lang.StringBuilder.append(StringBuilder.java:167)
	at java.base/java.util.AbstractCollection.toString(AbstractCollection.java:457)
	at org.hibernate.collection.internal.PersistentSet.toString(PersistentSet.java:328)
	at java.base/java.lang.StringConcatHelper.stringOf(StringConcatHelper.java:429)
	at ru.mirea.practice21.models.Market.toString(Market.java:13)
	at java.base/java.lang.StringConcatHelper.stringOf(StringConcatHelper.java:429)
	at ru.mirea.practice21.models.Product.toString(Product.java:12)
	at java.base/java.lang.String.valueOf(String.java:3367)
	at java.base/java.lang.StringBuilder.append(StringBuilder.java:167)
	at java.base/java.util.AbstractCollection.toString(AbstractCollection.java:457)
	at org.hibernate.collection.internal.PersistentSet.toString(PersistentSet.java:328)
	at java.base/java.lang.StringConcatHelper.stringOf(StringConcatHelper.java:429)
	at ru.mirea.practice21.models.Market.toString(Market.java:13)
	at java.base/java.lang.StringConcatHelper.stringOf(StringConcatHelper.java:429)
	at ru.mirea.practice21.models.Product.toString(Product.java:12)
	at java.base/java.lang.String.valueOf(String.java:3367)
	at java.base/java.lang.StringBuilder.append(StringBuilder.java:167)
	at java.base/java.util.AbstractCollection.toString(AbstractCollection.java:457)
	at org.hibernate.collection.internal.PersistentSet.toString(PersistentSet.java:328)
	at java.base/java.lang.StringConcatHelper.stringOf(StringConcatHelper.java:429)
	at ru.mirea.practice21.models.Market.toString(Market.java:13)
	at java.base/java.lang.StringConcatHelper.stringOf(StringConcatHelper.java:429)
	at ru.mirea.practice21.models.Product.toString(Product.java:12)
	at java.base/java.lang.String.valueOf(String.java:3367)
	at java.base/java.lang.StringBuilder.append(StringBuilder.java:167)
	at java.base/java.util.AbstractCollection.toString(AbstractCollection.java:457)
	at org.hibernate.collection.internal.PersistentSet.toString(PersistentSet.java:328)
	at java.base/java.lang.StringConcatHelper.stringOf(StringConcatHelper.java:429)
	at ru.mirea.practice21.models.Market.toString(Market.java:13)
	at java.base/java.lang.StringConcatHelper.stringOf(StringConcatHelper.java:429)
	at ru.mirea.practice21.models.Product.toString(Product.java:12)
	at java.base/java.lang.String.valueOf(String.java:3367)
	at java.base/java.lang.StringBuilder.append(StringBuilder.java:167)
	at java.base/java.util.AbstractCollection.toString(AbstractCollection.java:457)
	at org.hibernate.collection.internal.PersistentSet.toString(PersistentSet.java:328)
	at java.base/java.lang.StringConcatHelper.stringOf(StringConcatHelper.java:429)
	at ru.mirea.practice21.models.Market.toString(Market.java:13)
	at java.base/java.lang.StringConcatHelper.stringOf(StringConcatHelper.java:429)
	at ru.mirea.practice21.models.Product.toString(Product.java:12)
	at java.base/java.lang.String.valueOf(String.java:3367)
	at java.base/java.lang.StringBuilder.append(StringBuilder.java:167)
	at java.base/java.util.AbstractCollection.toString(AbstractCollection.java:457)
	at org.hibernate.collection.internal.PersistentSet.toString(PersistentSet.java:328)
	at java.base/java.lang.StringConcatHelper.stringOf(StringConcatHelper.java:429)
	at ru.mirea.practice21.models.Market.toString(Market.java:13)
	at java.base/java.lang.StringConcatHelper.stringOf(StringConcatHelper.java:429)
	at ru.mirea.practice21.models.Product.toString(Product.java:12)
	at java.base/java.lang.String.valueOf(String.java:3367)
	at java.base/java.lang.StringBuilder.append(StringBuilder.java:167)
	at java.base/java.util.AbstractCollection.toString(AbstractCollection.java:457)
	at org.hibernate.collection.internal.PersistentSet.toString(PersistentSet.java:328)
	at java.base/java.lang.StringConcatHelper.stringOf(StringConcatHelper.java:429)
	at ru.mirea.practice21.models.Market.toString(Market.java:13)
	at java.base/java.lang.StringConcatHelper.stringOf(StringConcatHelper.java:429)
	at ru.mirea.practice21.models.Product.toString(Product.java:12)
	at java.base/java.lang.String.valueOf(String.java:3367)
	at java.base/java.lang.StringBuilder.append(StringBuilder.java:167)
	at java.base/java.util.AbstractCollection.toString(AbstractCollection.java:457)
	at org.hibernate.collection.internal.PersistentSet.toString(PersistentSet.java:328)
	at java.base/java.lang.StringConcatHelper.stringOf(StringConcatHelper.java:429)
	at ru.mirea.practice21.models.Market.toString(Market.java:13)
	at java.base/java.lang.StringConcatHelper.stringOf(StringConcatHelper.java:429)
	at ru.mirea.practice21.models.Product.toString(Product.java:12)
	at java.base/java.lang.String.valueOf(String.java:3367)
	at java.base/java.lang.StringBuilder.append(StringBuilder.java:167)
	at java.base/java.util.AbstractCollection.toString(AbstractCollection.java:457)
	at org.hibernate.collection.internal.PersistentSet.toString(PersistentSet.java:328)
	at java.base/java.lang.StringConcatHelper.stringOf(StringConcatHelper.java:429)
	at ru.mirea.practice21.models.Market.toString(Market.java:13)
	at java.base/java.lang.StringConcatHelper.stringOf(StringConcatHelper.java:429)
	at ru.mirea.practice21.models.Product.toString(Product.java:12)
	at java.base/java.lang.String.valueOf(String.java:3367)
	at java.base/java.lang.StringBuilder.append(StringBuilder.java:167)
	at java.base/java.util.AbstractCollection.toString(AbstractCollection.java:457)
	at org.hibernate.collection.internal.PersistentSet.toString(PersistentSet.java:328)
	at java.base/java.lang.StringConcatHelper.stringOf(StringConcatHelper.java:429)
	at ru.mirea.practice21.models.Market.toString(Market.java:13)
	at java.base/java.lang.StringConcatHelper.stringOf(StringConcatHelper.java:429)
	at ru.mirea.practice21.models.Product.toString(Product.java:12)
	at java.base/java.lang.String.valueOf(String.java:3367)
	at java.base/java.lang.StringBuilder.append(StringBuilder.java:167)
	at java.base/java.util.AbstractCollection.toString(AbstractCollection.java:457)
	at org.hibernate.collection.internal.PersistentSet.toString(PersistentSet.java:328)
	at java.base/java.lang.StringConcatHelper.stringOf(StringConcatHelper.java:429)
	at ru.mirea.practice21.models.Market.toString(Market.java:13)
	at java.base/java.lang.StringConcatHelper.stringOf(StringConcatHelper.java:429)
	at ru.mirea.practice21.models.Product.toString(Product.java:12)
	at java.base/java.lang.String.valueOf(String.java:3367)
	at java.base/java.lang.StringBuilder.append(StringBuilder.java:167)
	at java.base/java.util.AbstractCollection.toString(AbstractCollection.java:457)
	at org.hibernate.collection.internal.PersistentSet.toString(PersistentSet.java:328)
	at java.base/java.lang.StringConcatHelper.stringOf(StringConcatHelper.java:429)
	at ru.mirea.practice21.models.Market.toString(Market.java:13)
	at java.base/java.lang.StringConcatHelper.stringOf(StringConcatHelper.java:429)
	at ru.mirea.practice21.models.Product.toString(Product.java:12)
	at java.base/java.lang.String.valueOf(String.java:3367)
	at java.base/java.lang.StringBuilder.append(StringBuilder.java:167)
	at java.base/java.util.AbstractCollection.toString(AbstractCollection.java:457)
	at org.hibernate.collection.internal.PersistentSet.toString(PersistentSet.java:328)
	at java.base/java.lang.StringConcatHelper.stringOf(StringConcatHelper.java:429)
	at ru.mirea.practice21.models.Market.toString(Market.java:13)
	at java.base/java.lang.StringConcatHelper.stringOf(StringConcatHelper.java:429)
	at ru.mirea.practice21.models.Product.toString(Product.java:12)
	at java.base/java.lang.String.valueOf(String.java:3367)
	at java.base/java.lang.StringBuilder.append(StringBuilder.java:167)
	at java.base/java.util.AbstractCollection.toString(AbstractCollection.java:457)
	at org.hibernate.collection.internal.PersistentSet.toString(PersistentSet.java:328)
	at java.base/java.lang.StringConcatHelper.stringOf(StringConcatHelper.java:429)
	at ru.mirea.practice21.models.Market.toString(Market.java:13)
	at java.base/java.lang.StringConcatHelper.stringOf(StringConcatHelper.java:429)
	at ru.mirea.practice21.models.Product.toString(Product.java:12)
	at java.base/java.lang.String.valueOf(String.java:3367)
	at java.base/java.lang.StringBuilder.append(StringBuilder.java:167)
	at java.base/java.util.AbstractCollection.toString(AbstractCollection.java:457)
	at org.hibernate.collection.internal.PersistentSet.toString(PersistentSet.java:328)
	at java.base/java.lang.StringConcatHelper.stringOf(StringConcatHelper.java:429)
	at ru.mirea.practice21.models.Market.toString(Market.java:13)
	at java.base/java.lang.StringConcatHelper.stringOf(StringConcatHelper.java:429)
	at ru.mirea.practice21.models.Product.toString(Product.java:12)
	at java.base/java.lang.String.valueOf(String.java:3367)
	at java.base/java.lang.StringBuilder.append(StringBuilder.java:167)
	at java.base/java.util.AbstractCollection.toString(AbstractCollection.java:457)
	at org.hibernate.collection.internal.PersistentSet.toString(PersistentSet.java:328)
	at java.base/java.lang.StringConcatHelper.stringOf(StringConcatHelper.java:429)
	at ru.mirea.practice21.models.Market.toString(Market.java:13)
	at java.base/java.lang.StringConcatHelper.stringOf(StringConcatHelper.java:429)
	at ru.mirea.practice21.models.Product.toString(Product.java:12)
	at java.base/java.lang.String.valueOf(String.java:3367)
	at java.base/java.lang.StringBuilder.append(StringBuilder.java:167)
	at java.base/java.util.AbstractCollection.toString(AbstractCollection.java:457)
	at org.hibernate.collection.internal.PersistentSet.toString(PersistentSet.java:328)
	at java.base/java.lang.StringConcatHelper.stringOf(StringConcatHelper.java:429)
	at ru.mirea.practice21.models.Market.toString(Market.java:13)
	at java.base/java.lang.StringConcatHelper.stringOf(StringConcatHelper.java:429)
	at ru.mirea.practice21.models.Product.toString(Product.java:12)
	at java.base/java.lang.String.valueOf(String.java:3367)
	at java.base/java.lang.StringBuilder.append(StringBuilder.java:167)
	at java.base/java.util.AbstractCollection.toString(AbstractCollection.java:457)
	at org.hibernate.collection.internal.PersistentSet.toString(PersistentSet.java:328)
	at java.base/java.lang.StringConcatHelper.stringOf(StringConcatHelper.java:429)
	at ru.mirea.practice21.models.Market.toString(Market.java:13)
	at java.base/java.lang.StringConcatHelper.stringOf(StringConcatHelper.java:429)
	at ru.mirea.practice21.models.Product.toString(Product.java:12)
	at java.base/java.lang.String.valueOf(String.java:3367)
	at java.base/java.lang.StringBuilder.append(StringBuilder.java:167)
	at java.base/java.util.AbstractCollection.toString(AbstractCollection.java:457)
	at org.hibernate.collection.internal.PersistentSet.toString(PersistentSet.java:328)
	at java.base/java.lang.StringConcatHelper.stringOf(StringConcatHelper.java:429)
	at ru.mirea.practice21.models.Market.toString(Market.java:13)
	at java.base/java.lang.StringConcatHelper.stringOf(StringConcatHelper.java:429)
	at ru.mirea.practice21.models.Product.toString(Product.java:12)
	at java.base/java.lang.String.valueOf(String.java:3367)
	at java.base/java.lang.StringBuilder.append(StringBuilder.java:167)
	at java.base/java.util.AbstractCollection.toString(AbstractCollection.java:457)
	at org.hibernate.collection.internal.PersistentSet.toString(PersistentSet.java:328)
	at java.base/java.lang.StringConcatHelper.stringOf(StringConcatHelper.java:429)
	at ru.mirea.practice21.models.Market.toString(Market.java:13)
	at java.base/java.lang.StringConcatHelper.stringOf(StringConcatHelper.java:429)
	at ru.mirea.practice21.models.Product.toString(Product.java:12)
	at java.base/java.lang.String.valueOf(String.java:3367)
	at java.base/java.lang.StringBuilder.append(StringBuilder.java:167)
	at java.base/java.util.AbstractCollection.toString(AbstractCollection.java:457)
	at org.hibernate.collection.internal.PersistentSet.toString(PersistentSet.java:328)
	at java.base/java.lang.StringConcatHelper.stringOf(StringConcatHelper.java:429)
	at ru.mirea.practice21.models.Market.toString(Market.java:13)
	at java.base/java.lang.StringConcatHelper.stringOf(StringConcatHelper.java:429)
	at ru.mirea.practice21.models.Product.toString(Product.java:12)
	at java.base/java.lang.String.valueOf(String.java:3367)
	at java.base/java.lang.StringBuilder.append(StringBuilder.java:167)
	at java.base/java.util.AbstractCollection.toString(AbstractCollection.java:457)
	at org.hibernate.collection.internal.PersistentSet.toString(PersistentSet.java:328)
	at java.base/java.lang.StringConcatHelper.stringOf(StringConcatHelper.java:429)
	at ru.mirea.practice21.models.Market.toString(Market.java:13)
	at java.base/java.lang.StringConcatHelper.stringOf(StringConcatHelper.java:429)
	at ru.mirea.practice21.models.Product.toString(Product.java:12)
	at java.base/java.lang.String.valueOf(String.java:3367)
	at java.base/java.lang.StringBuilder.append(StringBuilder.java:167)
	at java.base/java.util.AbstractCollection.toString(AbstractCollection.java:457)
	at org.hibernate.collection.internal.PersistentSet.toString(PersistentSet.java:328)
	at java.base/java.lang.StringConcatHelper.stringOf(StringConcatHelper.java:429)
	at ru.mirea.practice21.models.Market.toString(Market.java:13)
	at java.base/java.lang.StringConcatHelper.stringOf(StringConcatHelper.java:429)
	at ru.mirea.practice21.models.Product.toString(Product.java:12)
	at java.base/java.lang.String.valueOf(String.java:3367)
	at java.base/java.lang.StringBuilder.append(StringBuilder.java:167)
	at java.base/java.util.AbstractCollection.toString(AbstractCollection.java:457)
	at org.hibernate.collection.internal.PersistentSet.toString(PersistentSet.java:328)
	at java.base/java.lang.StringConcatHelper.stringOf(StringConcatHelper.java:429)
	at ru.mirea.practice21.models.Market.toString(Market.java:13)
	at java.base/java.lang.StringConcatHelper.stringOf(StringConcatHelper.java:429)
	at ru.mirea.practice21.models.Product.toString(Product.java:12)
	at java.base/java.lang.String.valueOf(String.java:3367)
	at java.base/java.lang.StringBuilder.append(StringBuilder.java:167)
	at java.base/java.util.AbstractCollection.toString(AbstractCollection.java:457)
	at org.hibernate.collection.internal.PersistentSet.toString(PersistentSet.java:328)
	at java.base/java.lang.StringConcatHelper.stringOf(StringConcatHelper.java:429)
	at ru.mirea.practice21.models.Market.toString(Market.java:13)
	at java.base/java.lang.StringConcatHelper.stringOf(StringConcatHelper.java:429)
	at ru.mirea.practice21.models.Product.toString(Product.java:12)
	at java.base/java.lang.String.valueOf(String.java:3367)
	at java.base/java.lang.StringBuilder.append(StringBuilder.java:167)
	at java.base/java.util.AbstractCollection.toString(AbstractCollection.java:457)
	at org.hibernate.collection.internal.PersistentSet.toString(PersistentSet.java:328)
	at java.base/java.lang.StringConcatHelper.stringOf(StringConcatHelper.java:429)
	at ru.mirea.practice21.models.Market.toString(Market.java:13)
	at java.base/java.lang.StringConcatHelper.stringOf(StringConcatHelper.java:429)
	at ru.mirea.practice21.models.Product.toString(Product.java:12)
	at java.base/java.lang.String.valueOf(String.java:3367)
	at java.base/java.lang.StringBuilder.append(StringBuilder.java:167)
	at java.base/java.util.AbstractCollection.toString(AbstractCollection.java:457)
	at org.hibernate.collection.internal.PersistentSet.toString(PersistentSet.java:328)
	at java.base/java.lang.StringConcatHelper.stringOf(StringConcatHelper.java:429)
	at ru.mirea.practice21.models.Market.toString(Market.java:13)
	at java.base/java.lang.StringConcatHelper.stringOf(StringConcatHelper.java:429)
	at ru.mirea.practice21.models.Product.toString(Product.java:12)
	at java.base/java.lang.String.valueOf(String.java:3367)
	at java.base/java.lang.StringBuilder.append(StringBuilder.java:167)
	at java.base/java.util.AbstractCollection.toString(AbstractCollection.java:457)
	at org.hibernate.collection.internal.PersistentSet.toString(PersistentSet.java:328)
	at java.base/java.lang.StringConcatHelper.stringOf(StringConcatHelper.java:429)
	at ru.mirea.practice21.models.Market.toString(Market.java:13)
	at java.base/java.lang.StringConcatHelper.stringOf(StringConcatHelper.java:429)
	at ru.mirea.practice21.models.Product.toString(Product.java:12)
	at java.base/java.lang.String.valueOf(String.java:3367)
	at java.base/java.lang.StringBuilder.append(StringBuilder.java:167)
	at java.base/java.util.AbstractCollection.toString(AbstractCollection.java:457)
	at org.hibernate.collection.internal.PersistentSet.toString(PersistentSet.java:328)
	at java.base/java.lang.StringConcatHelper.stringOf(StringConcatHelper.java:429)
	at ru.mirea.practice21.models.Market.toString(Market.java:13)
	at java.base/java.lang.StringConcatHelper.stringOf(StringConcatHelper.java:429)
	at ru.mirea.practice21.models.Product.toString(Product.java:12)
	at java.base/java.lang.String.valueOf(String.java:3367)
	at java.base/java.lang.StringBuilder.append(StringBuilder.java:167)
	at java.base/java.util.AbstractCollection.toString(AbstractCollection.java:457)
	at org.hibernate.collection.internal.PersistentSet.toString(PersistentSet.java:328)
	at java.base/java.lang.StringConcatHelper.stringOf(StringConcatHelper.java:429)
	at ru.mirea.practice21.models.Market.toString(Market.java:13)
	at java.base/java.lang.StringConcatHelper.stringOf(StringConcatHelper.java:429)
	at ru.mirea.practice21.models.Product.toString(Product.java:12)
	at java.base/java.lang.String.valueOf(String.java:3367)
	at java.base/java.lang.StringBuilder.append(StringBuilder.java:167)
	at java.base/java.util.AbstractCollection.toString(AbstractCollection.java:457)
	at org.hibernate.collection.internal.PersistentSet.toString(PersistentSet.java:328)
	at java.base/java.lang.StringConcatHelper.stringOf(StringConcatHelper.java:429)
	at ru.mirea.practice21.models.Market.toString(Market.java:13)
	at java.base/java.lang.StringConcatHelper.stringOf(StringConcatHelper.java:429)
	at ru.mirea.practice21.models.Product.toString(Product.java:12)
	at java.base/java.lang.String.valueOf(String.java:3367)
	at java.base/java.lang.StringBuilder.append(StringBuilder.java:167)
	at java.base/java.util.AbstractCollection.toString(AbstractCollection.java:457)
	at org.hibernate.collection.internal.PersistentSet.toString(PersistentSet.java:328)
	at java.base/java.lang.StringConcatHelper.stringOf(StringConcatHelper.java:429)
	at ru.mirea.practice21.models.Market.toString(Market.java:13)
	at java.base/java.lang.StringConcatHelper.stringOf(StringConcatHelper.java:429)
	at ru.mirea.practice21.models.Product.toString(Product.java:12)
	at java.base/java.lang.String.valueOf(String.java:3367)
	at java.base/java.lang.StringBuilder.append(StringBuilder.java:167)
	at java.base/java.util.AbstractCollection.toString(AbstractCollection.java:457)
	at org.hibernate.collection.internal.PersistentSet.toString(PersistentSet.java:328)
	at java.base/java.lang.StringConcatHelper.stringOf(StringConcatHelper.java:429)
	at ru.mirea.practice21.models.Market.toString(Market.java:13)
	at java.base/java.lang.StringConcatHelper.stringOf(StringConcatHelper.java:429)
	at ru.mirea.practice21.models.Product.toString(Product.java:12)
	at java.base/java.lang.String.valueOf(String.java:3367)
	at java.base/java.lang.StringBuilder.append(StringBuilder.java:167)
	at java.base/java.util.AbstractCollection.toString(AbstractCollection.java:457)
	at org.hibernate.collection.internal.PersistentSet.toString(PersistentSet.java:328)
	at java.base/java.lang.StringConcatHelper.stringOf(StringConcatHelper.java:429)
	at ru.mirea.practice21.models.Market.toString(Market.java:13)
	at java.base/java.lang.StringConcatHelper.stringOf(StringConcatHelper.java:429)
	at ru.mirea.practice21.models.Product.toString(Product.java:12)
	at java.base/java.lang.String.valueOf(String.java:3367)
	at java.base/java.lang.StringBuilder.append(StringBuilder.java:167)
	at java.base/java.util.AbstractCollection.toString(AbstractCollection.java:457)
	at org.hibernate.collection.internal.PersistentSet.toString(PersistentSet.java:328)
	at java.base/java.lang.StringConcatHelper.stringOf(StringConcatHelper.java:429)
	at ru.mirea.practice21.models.Market.toString(Market.java:13)
	at java.base/java.lang.StringConcatHelper.stringOf(StringConcatHelper.java:429)
	at ru.mirea.practice21.models.Product.toString(Product.java:12)
	at java.base/java.lang.String.valueOf(String.java:3367)
	at java.base/java.lang.StringBuilder.append(StringBuilder.java:167)
	at java.base/java.util.AbstractCollection.toString(AbstractCollection.java:457)
	at org.hibernate.collection.internal.PersistentSet.toString(PersistentSet.java:328)
	at java.base/java.lang.StringConcatHelper.stringOf(StringConcatHelper.java:429)
	at ru.mirea.practice21.models.Market.toString(Market.java:13)
	at java.base/java.lang.StringConcatHelper.stringOf(StringConcatHelper.java:429)
	at ru.mirea.practice21.models.Product.toString(Product.java:12)
	at java.base/java.lang.String.valueOf(String.java:3367)
	at java.base/java.lang.StringBuilder.append(StringBuilder.java:167)
	at java.base/java.util.AbstractCollection.toString(AbstractCollection.java:457)
	at org.hibernate.collection.internal.PersistentSet.toString(PersistentSet.java:328)
	at java.base/java.lang.StringConcatHelper.stringOf(StringConcatHelper.java:429)
	at ru.mirea.practice21.models.Market.toString(Market.java:13)
	at java.base/java.lang.StringConcatHelper.stringOf(StringConcatHelper.java:429)
	at ru.mirea.practice21.models.Product.toString(Product.java:12)
	at java.base/java.lang.String.valueOf(String.java:3367)
	at java.base/java.lang.StringBuilder.append(StringBuilder.java:167)
	at java.base/java.util.AbstractCollection.toString(AbstractCollection.java:457)
	at org.hibernate.collection.internal.PersistentSet.toString(PersistentSet.java:328)
	at java.base/java.lang.StringConcatHelper.stringOf(StringConcatHelper.java:429)
	at ru.mirea.practice21.models.Market.toString(Market.java:13)
	at java.base/java.lang.StringConcatHelper.stringOf(StringConcatHelper.java:429)
	at ru.mirea.practice21.models.Product.toString(Product.java:12)
	at java.base/java.lang.String.valueOf(String.java:3367)
	at java.base/java.lang.StringBuilder.append(StringBuilder.java:167)
	at java.base/java.util.AbstractCollection.toString(AbstractCollection.java:457)
	at org.hibernate.collection.internal.PersistentSet.toString(PersistentSet.java:328)
	at java.base/java.lang.StringConcatHelper.stringOf(StringConcatHelper.java:429)
	at ru.mirea.practice21.models.Market.toString(Market.java:13)
	at java.base/java.lang.StringConcatHelper.stringOf(StringConcatHelper.java:429)
	at ru.mirea.practice21.models.Product.toString(Product.java:12)
	at java.base/java.lang.String.valueOf(String.java:3367)
	at java.base/java.lang.StringBuilder.append(StringBuilder.java:167)
	at java.base/java.util.AbstractCollection.toString(AbstractCollection.java:457)
	at org.hibernate.collection.internal.PersistentSet.toString(PersistentSet.java:328)
	at java.base/java.lang.StringConcatHelper.stringOf(StringConcatHelper.java:429)
	at ru.mirea.practice21.models.Market.toString(Market.java:13)
	at java.base/java.lang.StringConcatHelper.stringOf(StringConcatHelper.java:429)
	at ru.mirea.practice21.models.Product.toString(Product.java:12)
	at java.base/java.lang.String.valueOf(String.java:3367)
	at java.base/java.lang.StringBuilder.append(StringBuilder.java:167)
	at java.base/java.util.AbstractCollection.toString(AbstractCollection.java:457)
	at org.hibernate.collection.internal.PersistentSet.toString(PersistentSet.java:328)
	at java.base/java.lang.StringConcatHelper.stringOf(StringConcatHelper.java:429)
	at ru.mirea.practice21.models.Market.toString(Market.java:13)
	at java.base/java.lang.StringConcatHelper.stringOf(StringConcatHelper.java:429)
	at ru.mirea.practice21.models.Product.toString(Product.java:12)
	at java.base/java.lang.String.valueOf(String.java:3367)
	at java.base/java.lang.StringBuilder.append(StringBuilder.java:167)
	at java.base/java.util.AbstractCollection.toString(AbstractCollection.java:457)
	at org.hibernate.collection.internal.PersistentSet.toString(PersistentSet.java:328)
	at java.base/java.lang.StringConcatHelper.stringOf(StringConcatHelper.java:429)
	at ru.mirea.practice21.models.Market.toString(Market.java:13)
	at java.base/java.lang.StringConcatHelper.stringOf(StringConcatHelper.java:429)
	at ru.mirea.practice21.models.Product.toString(Product.java:12)
	at java.base/java.lang.String.valueOf(String.java:3367)
	at java.base/java.lang.StringBuilder.append(StringBuilder.java:167)
	at java.base/java.util.AbstractCollection.toString(AbstractCollection.java:457)
	at org.hibernate.collection.internal.PersistentSet.toString(PersistentSet.java:328)
	at java.base/java.lang.StringConcatHelper.stringOf(StringConcatHelper.java:429)
	at ru.mirea.practice21.models.Market.toString(Market.java:13)
	at java.base/java.lang.StringConcatHelper.stringOf(StringConcatHelper.java:429)
	at ru.mirea.practice21.models.Product.toString(Product.java:12)
	at java.base/java.lang.String.valueOf(String.java:3367)
	at java.base/java.lang.StringBuilder.append(StringBuilder.java:167)
	at java.base/java.util.AbstractCollection.toString(AbstractCollection.java:457)
	at org.hibernate.collection.internal.PersistentSet.toString(PersistentSet.java:328)
	at java.base/java.lang.StringConcatHelper.stringOf(StringConcatHelper.java:429)
52692 [http-nio-8080-exec-4] INFO  r.m.p.services.ProductService
                – Find all products
52938 [http-nio-8080-exec-4] INFO  ru.mirea.practice21.Aspect
                – Method execution time: 246MSec, method signature: List ru.mirea.practice21.services.ProductService.getAll()
56699 [http-nio-8080-exec-5] INFO  r.m.p.services.MarketService
                – Find all markets
56890 [http-nio-8080-exec-5] INFO  ru.mirea.practice21.Aspect
                – Method execution time: 194MSec, method signature: List ru.mirea.practice21.services.MarketService.getAll()
61513 [http-nio-8080-exec-9] INFO  r.m.p.services.MarketService
                – Save market
61513 [http-nio-8080-exec-9] INFO  r.m.p.services.EmailService
                – Send message consist of subject - Save Market, text - Market(id=0, name=Перекресток, address=Вернадского, products=null)
63273 [http-nio-8080-exec-9] INFO  ru.mirea.practice21.Aspect
                – Method execution time: 1760MSec, method signature: void ru.mirea.practice21.services.EmailService.sendEmail(String,String)
63341 [http-nio-8080-exec-9] INFO  ru.mirea.practice21.Aspect
                – Method execution time: 1828MSec, method signature: void ru.mirea.practice21.services.MarketService.save(Market)
71953 [http-nio-8080-exec-7] INFO  r.m.p.services.ProductService
                – Save product
72077 [http-nio-8080-exec-7] INFO  r.m.p.services.EmailService
                – Send message consist of subject - Save Product, text - Product(id=7, name=Рыбаа, price=5500, market=Market(id=3, name=Перекресток, address=Вернадского, products=[]))
73026 [http-nio-8080-exec-7] INFO  ru.mirea.practice21.Aspect
                – Method execution time: 949MSec, method signature: void ru.mirea.practice21.services.EmailService.sendEmail(String,String)
73026 [http-nio-8080-exec-7] INFO  ru.mirea.practice21.Aspect
                – Method execution time: 1073MSec, method signature: void ru.mirea.practice21.services.ProductService.save(Product,int)
